2021-06-04 11:07:37,698 [Worker-1: Loading available Gradle versions] INFO  o.e.b.c.i.u.g.PublishedGradleVersions - Gradle version information cache is not available. Remote download required.
2021-06-04 11:15:05,449 [Worker-0: Loading available Gradle versions] INFO  o.e.b.c.i.u.g.PublishedGradleVersions - Gradle version information cache is up-to-date. Trying to read.
2021-06-04 12:10:41,343 [Worker-0: Loading available Gradle versions] INFO  o.e.b.c.i.u.g.PublishedGradleVersions - Gradle version information cache is up-to-date. Trying to read.
2021-06-04 21:39:30,769 [Worker-1: Loading available Gradle versions] INFO  o.e.b.c.i.u.g.PublishedGradleVersions - Gradle version information cache is up-to-date. Trying to read.
2021-06-06 17:52:45,970 [Worker-3: Loading available Gradle versions] INFO  o.e.b.c.i.u.g.PublishedGradleVersions - Gradle version information cache is out-of-date. Trying to update.
2021-06-11 18:04:38,202 [Worker-3: Loading available Gradle versions] INFO  o.e.b.c.i.u.g.PublishedGradleVersions - Gradle version information cache is out-of-date. Trying to update.
2021-06-13 18:45:18,340 [Worker-3: Loading available Gradle versions] INFO  o.e.b.c.i.u.g.PublishedGradleVersions - Gradle version information cache is out-of-date. Trying to update.
2021-06-13 21:14:32,020 [Worker-1: Loading available Gradle versions] INFO  o.e.b.c.i.u.g.PublishedGradleVersions - Gradle version information cache is up-to-date. Trying to read.
2021-06-13 22:27:12,451 [Worker-0: Loading available Gradle versions] INFO  o.e.b.c.i.u.g.PublishedGradleVersions - Gradle version information cache is up-to-date. Trying to read.
2021-06-15 22:47:34,270 [Worker-0: Loading available Gradle versions] INFO  o.e.b.c.i.u.g.PublishedGradleVersions - Gradle version information cache is out-of-date. Trying to update.
2021-06-16 19:00:23,272 [Worker-1: Loading available Gradle versions] INFO  o.e.b.c.i.u.g.PublishedGradleVersions - Gradle version information cache is up-to-date. Trying to read.
2021-06-26 02:12:00,681 [Worker-3: Loading available Gradle versions] INFO  o.e.b.c.i.u.g.PublishedGradleVersions - Gradle version information cache is out-of-date. Trying to update.
2021-06-26 02:15:29,234 [Worker-2: Loading available Gradle versions] INFO  o.e.b.c.i.u.g.PublishedGradleVersions - Gradle version information cache is up-to-date. Trying to read.
2021-06-26 02:34:59,398 [Start Help Server] INFO  org.eclipse.jetty.util.log - Logging initialized @1180092ms to org.eclipse.jetty.util.log.Slf4jLog
2021-06-26 02:35:00,099 [Start Help Server] INFO  org.eclipse.jetty.server.Server - jetty-9.4.37.v20210219; built: 2021-02-23T06:49:41.320Z; git: 27afab2bd37780d179836e313e0fe11bc4fa0ce9; jvm 16.0.1+9-24
2021-06-26 02:35:00,121 [Start Help Server] INFO  org.eclipse.jetty.server.session - DefaultSessionIdManager workerName=node0
2021-06-26 02:35:00,122 [Start Help Server] INFO  org.eclipse.jetty.server.session - No SessionScavenger set, using defaults
2021-06-26 02:35:00,123 [Start Help Server] INFO  org.eclipse.jetty.server.session - node0 Scavenging every 660000ms
2021-06-26 02:35:00,188 [Start Help Server] INFO  o.e.j.server.handler.ContextHandler - Started o.e.j.s.ServletContextHandler@439ae29f{/help,null,AVAILABLE}
2021-06-26 02:35:00,249 [Start Help Server] INFO  o.e.jetty.server.AbstractConnector - Started ServerConnector@3e78e3a5{HTTP/1.1, (http/1.1)}{127.0.0.1:54801}
2021-06-26 02:35:00,250 [Start Help Server] INFO  org.eclipse.jetty.server.Server - Started @1180953ms
2021-06-26 02:35:00,250 [Start Help Server] INFO  org.eclipse.jetty.server.session - node0 Scavenging every 726000ms
2021-06-26 02:36:56,098 [Stop Help Server] INFO  o.e.jetty.server.AbstractConnector - Stopped ServerConnector@3e78e3a5{HTTP/1.1, (http/1.1)}{127.0.0.1:0}
2021-06-26 02:36:56,098 [Stop Help Server] INFO  org.eclipse.jetty.server.session - node0 Stopped scavenging
2021-06-26 02:36:56,120 [Stop Help Server] INFO  o.e.j.server.handler.ContextHandler - Stopped o.e.j.s.ServletContextHandler@439ae29f{/help,null,STOPPED}
2021-06-26 02:37:05,873 [Start Help Server] INFO  org.eclipse.jetty.util.log - Logging initialized @8886ms to org.eclipse.jetty.util.log.Slf4jLog
2021-06-26 02:37:05,993 [Start Help Server] INFO  org.eclipse.jetty.server.Server - jetty-9.4.37.v20210219; built: 2021-02-23T06:49:41.320Z; git: 27afab2bd37780d179836e313e0fe11bc4fa0ce9; jvm 16.0.1+9-24
2021-06-26 02:37:06,011 [Start Help Server] INFO  org.eclipse.jetty.server.session - DefaultSessionIdManager workerName=node0
2021-06-26 02:37:06,012 [Start Help Server] INFO  org.eclipse.jetty.server.session - No SessionScavenger set, using defaults
2021-06-26 02:37:06,014 [Start Help Server] INFO  org.eclipse.jetty.server.session - node0 Scavenging every 600000ms
2021-06-26 02:37:06,057 [Start Help Server] INFO  o.e.j.server.handler.ContextHandler - Started o.e.j.s.ServletContextHandler@22d8bec1{/help,null,AVAILABLE}
2021-06-26 02:37:06,125 [Start Help Server] INFO  o.e.jetty.server.AbstractConnector - Started ServerConnector@264518aa{HTTP/1.1, (http/1.1)}{127.0.0.1:65342}
2021-06-26 02:37:06,125 [Start Help Server] INFO  org.eclipse.jetty.server.Server - Started @9143ms
2021-06-26 02:37:06,127 [Start Help Server] INFO  org.eclipse.jetty.server.session - node0 Scavenging every 660000ms
2021-06-26 02:37:07,287 [Worker-0: Loading available Gradle versions] INFO  o.e.b.c.i.u.g.PublishedGradleVersions - Gradle version information cache is up-to-date. Trying to read.
2021-06-26 03:01:37,491 [Stop Help Server] INFO  o.e.jetty.server.AbstractConnector - Stopped ServerConnector@264518aa{HTTP/1.1, (http/1.1)}{127.0.0.1:0}
2021-06-26 03:01:37,491 [Stop Help Server] INFO  org.eclipse.jetty.server.session - node0 Stopped scavenging
2021-06-26 03:01:37,504 [Stop Help Server] INFO  o.e.j.server.handler.ContextHandler - Stopped o.e.j.s.ServletContextHandler@22d8bec1{/help,null,STOPPED}
